<?xml version="1.0" encoding="UTF-8"?>
<!-- Generated by org.testng.reporters.JUnitReportReporter -->
<testsuite hostname="LAPTOP-IR8AGC0M" failures="0" tests="1" name="IbrahimTawakul.testCases.LoginTestCase" time="3.475" errors="0" timestamp="2023-11-07T12:44:58 GST" skipped="0">
  <testcase classname="IbrahimTawakul.testCases.LoginTestCase" name="loginTest" time="3.475"/>
</testsuite> <!-- IbrahimTawakul.testCases.LoginTestCase -->
